Log file open, 03/01/26 15:43:47
LogWindows: Failed to load 'aqProf.dll' (GetLastError=126)
LogWindows: File 'aqProf.dll' does not exist
LogWindows: Failed to load 'VtuneApi.dll' (GetLastError=126)
LogWindows: File 'VtuneApi.dll' does not exist
LogWindows: Failed to load 'VtuneApi32e.dll' (GetLastError=126)
LogWindows: File 'VtuneApi32e.dll' does not exist
LogConsoleResponse: Display: Failed to find resolution value strings in scalability ini. Falling back to default.
LogConsoleResponse: Display: Failed to find resolution value strings in scalability ini. Falling back to default.
LogInit: Display: Running engine for game: Weapon showcase
LogPlatformFile: Not using cached read wrapper
LogTaskGraph: Started task graph with 5 named threads and 59 total threads with 3 sets of task threads.
LogStats: Stats thread started at 0.174267
LogICUInternationalization: ICU TimeZone Detection - Raw Offset: +1:00, Platform Override: ''
LogInit: Display: Loading text-based GConfig....
LogPluginManager: Mounting plugin MeshPainting
LogPluginManager: Mounting plugin MegascansPlugin
LogPluginManager: Mounting plugin XGEController
LogPluginManager: Mounting plugin TDxUnrealEditor
LogPluginManager: Mounting plugin Paper2D
LogPluginManager: Mounting plugin LiveLink
LogPluginManager: Mounting plugin AISupport
LogPluginManager: Mounting plugin EnvironmentQueryEditor
LogPluginManager: Mounting plugin LightPropagationVolume
LogPluginManager: Mounting plugin AnimationSharing
LogPluginManager: Mounting plugin CLionSourceCodeAccess
LogPluginManager: Mounting plugin CodeLiteSourceCodeAccess
LogPluginManager: Mounting plugin GitSourceControl
LogPluginManager: Mounting plugin KDevelopSourceCodeAccess
LogPluginManager: Mounting plugin NullSourceCodeAccess
LogPluginManager: Mounting plugin GameplayCameras
LogPluginManager: Mounting plugin PerforceSourceControl
LogPluginManager: Mounting plugin PixWinPlugin
LogPluginManager: Mounting plugin CameraShakePreviewer
LogPluginManager: Mounting plugin PlasticSourceControl
LogPluginManager: Mounting plugin PropertyAccessNode
LogPluginManager: Mounting plugin RiderSourceCodeAccess
LogPluginManager: Mounting plugin UObjectPlugin
LogPluginManager: Mounting plugin SubversionSourceControl
LogPluginManager: Mounting plugin VisualStudioCodeSourceCodeAccess
LogPluginManager: Mounting plugin VisualStudioSourceCodeAccess
LogPluginManager: Mounting plugin TextureFormatOodle
LogPluginManager: Mounting plugin XCodeSourceCodeAccess
LogPluginManager: Mounting plugin DatasmithContent
LogPluginManager: Mounting plugin PluginUtils
LogPluginManager: Mounting plugin VariantManagerContent
LogPluginManager: Mounting plugin AlembicImporter
LogPluginManager: Mounting plugin AssetManagerEditor
LogPluginManager: Mounting plugin BackChannel
LogPluginManager: Mounting plugin AutomationUtils
LogPluginManager: Mounting plugin ChaosClothEditor
LogPluginManager: Mounting plugin ChaosNiagara
LogPluginManager: Mounting plugin ChaosSolverPlugin
LogPluginManager: Mounting plugin ChaosCloth
LogPluginManager: Mounting plugin ChaosEditor
LogPluginManager: Mounting plugin CryptoKeys
LogPluginManager: Mounting plugin CurveEditorTools
LogPluginManager: Mounting plugin Niagara
LogPluginManager: Mounting plugin FacialAnimation
LogPluginManager: Mounting plugin EditorScriptingUtilities
LogPluginManager: Mounting plugin GeometryMode
LogPluginManager: Mounting plugin CharacterAI
LogPluginManager: Mounting plugin GameplayTagsEditor
LogPluginManager: Mounting plugin MacGraphicsSwitching
LogPluginManager: Mounting plugin MaterialAnalyzer
LogPluginManager: Mounting plugin PluginBrowser
LogPluginManager: Mounting plugin MobileLauncherProfileWizard
LogPluginManager: Mounting plugin DataValidation
LogPluginManager: Mounting plugin SpeedTreeImporter
LogPluginManager: Mounting plugin GeometryCollectionPlugin
LogPluginManager: Mounting plugin GeometryCache
LogPluginManager: Mounting plugin GeometryProcessing
LogPluginManager: Mounting plugin LuminPlatformFeatures
LogPluginManager: Mounting plugin OpenImageDenoise
LogPluginManager: Mounting plugin PlatformCrypto
LogPluginManager: Mounting plugin MagicLeap
LogPluginManager: Mounting plugin PythonScriptPlugin
LogPluginManager: Mounting plugin PlanarCut
LogPluginManager: Mounting plugin ProxyLODPlugin
LogPluginManager: Mounting plugin SkeletalReduction
LogPluginManager: Mounting plugin MotoSynth
LogPluginManager: Mounting plugin MagicLeapPassableWorld
LogPluginManager: Mounting plugin AvfMedia
LogPluginManager: Mounting plugin AndroidMedia
LogPluginManager: Mounting plugin ImgMedia
LogPluginManager: Mounting plugin MediaCompositing
LogPluginManager: Mounting plugin MLSDK
LogPluginManager: Mounting plugin MediaPlayerEditor
LogPluginManager: Mounting plugin WebMMedia
LogPluginManager: Mounting plugin TcpMessaging
LogPluginManager: Mounting plugin BlendImporter
LogPluginManager: Mounting plugin UdpMessaging
LogPluginManager: Mounting plugin MagicLeapLightEstimation
LogPluginManager: Mounting plugin WmfMedia
LogPluginManager: Mounting plugin LevelSequenceEditor
LogPluginManager: Mounting plugin MatineeToLevelSequence
LogPluginManager: Mounting plugin ActorSequence
LogPluginManager: Mounting plugin TemplateSequence
LogPluginManager: Mounting plugin OnlineSubsystem
LogPluginManager: Mounting plugin OnlineSubsystemUtils
LogPluginManager: Mounting plugin LauncherChunkInstaller
LogPluginManager: Mounting plugin OnlineSubsystemNull
LogPluginManager: Mounting plugin ScreenshotTools
LogPluginManager: Mounting plugin Takes
LogPluginManager: Mounting plugin ActorLayerUtilities
LogPluginManager: Mounting plugin AndroidMoviePlayer
LogPluginManager: Mounting plugin AndroidPermission
LogPluginManager: Mounting plugin AppleImageUtils
LogPluginManager: Mounting plugin AppleMoviePlayer
LogPluginManager: Mounting plugin AndroidDeviceProfileSelector
LogPluginManager: Mounting plugin ArchVisCharacter
LogPluginManager: Mounting plugin AssetTags
LogPluginManager: Mounting plugin AudioSynesthesia
LogPluginManager: Mounting plugin ChunkDownloader
LogPluginManager: Mounting plugin CustomMeshComponent
LogPluginManager: Mounting plugin EditableMesh
LogPluginManager: Mounting plugin AudioCapture
LogPluginManager: Mounting plugin CableComponent
LogPluginManager: Mounting plugin GooglePAD
LogPluginManager: Mounting plugin GoogleCloudMessaging
LogPluginManager: Mounting plugin ExampleDeviceProfileSelector
LogPluginManager: Mounting plugin LinuxDeviceProfileSelector
LogPluginManager: Mounting plugin LocationServicesBPLibrary
LogPluginManager: Mounting plugin IOSDeviceProfileSelector
LogPluginManager: Mounting plugin MobilePatchingUtils
LogPluginManager: Mounting plugin OpenXREyeTracker
LogPluginManager: Mounting plugin OpenXRHandTracking
LogPluginManager: Mounting plugin OpenXR
LogPluginManager: Mounting plugin PostSplashScreen
LogPluginManager: Mounting plugin PhysXVehicles
LogPluginManager: Mounting plugin ProceduralMeshComponent
LogPluginManager: Mounting plugin RuntimePhysXCooking
LogPluginManager: Mounting plugin SignificanceManager
LogPluginManager: Mounting plugin SoundFields
LogPluginManager: Mounting plugin PropertyAccessEditor
LogPluginManager: Mounting plugin Synthesis
LogPluginManager: Mounting plugin WebMMoviePlayer
LogPluginManager: Mounting plugin WindowsMoviePlayer
LogPluginManager: Mounting plugin OodleData
LogPluginManager: Mounting plugin OodleNetwork
LogPluginManager: Mounting plugin MagicLeapMedia
LogPluginManager: Mounting plugin ContentBrowserAssetDataSource
LogPluginManager: Mounting plugin ContentBrowserFileDataSource
LogPluginManager: Mounting plugin ContentBrowserClassDataSource
LogPluginManager: Mounting plugin OnlineSubsystemGooglePlay
LogPluginManager: Mounting plugin OnlineSubsystemIOS
LogPluginManager: Mounting plugin SQLiteCore
LogPluginManager: Mounting plugin SQLiteSupport
LogPluginManager: Mounting plugin DatabaseSupport
LogPluginManager: Mounting plugin GridInventory
LogInit: Warning: Incompatible or missing module: GridInventoryRuntime
LogInit: Warning: Incompatible or missing module: GridInventoryUI
LogInit: Warning: Incompatible or missing module: GridInventoryEditor
Running F:/Epic Games/UE_4.27/Engine/Binaries/DotNET/UnrealBuildTool.exe Development Win64 -Project="E:/Weapon showcase/Weapon showcase.uproject" -TargetType=Editor -Progress -NoEngineChanges -NoHotReloadFromIDE
Invalidating makefile for UE4Editor (source file added)
F:\Epic Games\UE_4.27\Engine\Plugins\Marketplace\AchievementSystem\Source\AchievementSystemEditor\AchievementSystemEditor.build.cs: warning: Referenced directory 'F:\Epic Games\UE_4.27\Engine\Source\AchievementSystemEditor\Public' does not exist.
F:\Epic Games\UE_4.27\Engine\Plugins\Marketplace\RidingSystemComponent\Source\RidingSystem\RidingSystem.Build.cs: warning: Referenced directory 'F:\Epic Games\UE_4.27\Engine\Source\RidingSystem\Public' does not exist.
@progress push 5%
Parsing headers for UE4Editor
  Running UnrealHeaderTool "E:\Weapon showcase\Weapon showcase.uproject" "E:\Weapon showcase\Intermediate\Build\Win64\UE4Editor\Development\UE4Editor.uhtmanifest" -LogCmds="loginit warning, logexit warning, logdatabase error" -Unattended -WarningsAsErrors -abslog="C:\Users\marco\AppData\Local\UnrealBuildTool\Log_UHT.txt" -installed
LogInit: Display: Loading text-based GConfig....
Reflection code generated for UE4Editor in 4,255425 seconds
@progress pop
Building UE4Editor...
Using Visual Studio 2022 14.44.35215 toolchain (C:\Program Files\Microsoft Visual Studio\2022\Community\VC\Tools\MSVC\14.44.35207) and Windows 10.0.26100.0 SDK (C:\Program Files (x86)\Windows Kits\10).
Building 18 actions with 20 processes...
  @progress 'Compiling C++ source code...' 0%
  @progress 'Compiling C++ source code...' 6%
  [1/18] Default.rc2
  @progress 'Compiling C++ source code...' 11%
  [2/18] Default.rc2
  @progress 'Compiling C++ source code...' 17%
  [3/18] Default.rc2
  @progress 'Compiling C++ source code...' 22%
  [4/18] Module.GridInventoryEditor.gen.cpp
  @progress 'Compiling C++ source code...' 28%
  [5/18] Module.GridInventoryRuntime.gen.1_of_3.cpp
  @progress 'Compiling C++ source code...' 33%
  [6/18] Module.GridInventoryRuntime.gen.2_of_3.cpp
  @progress 'Compiling C++ source code...' 39%
  [7/18] Module.GridInventoryRuntime.gen.3_of_3.cpp
  @progress 'Compiling C++ source code...' 44%
  [8/18] Module.GridInventoryEditor.cpp
  E:/Weapon showcase/Plugins/GridInventory/Source/GridInventoryEditor/Private/InventoryJsonImporter.cpp(554): warning C4996: 'CreatePackage': Use CreatePackage overload that does not take the first Outer parameter. Specifying non-null outers for UPackages is no longer supported. Please update your code to the new API before upgrading to the next release, otherwise your project will no longer compile.
  @progress 'Compiling C++ source code...' 50%
  [9/18] UE4Editor-GridInventoryEditor.lib
     Bibliothek "E:\Weapon showcase\Plugins\GridInventory\Intermediate\Build\Win64\UE4Editor\Development\GridInventoryEditor\UE4Editor-GridInventoryEditor.lib" und Objekt "E:\Weapon showcase\Plugins\GridInventory\Intermediate\Build\Win64\UE4Editor\Development\GridInventoryEditor\UE4Editor-GridInventoryEditor.exp" werden erstellt.
  @progress 'Compiling C++ source code...' 56%
  [10/18] Module.GridInventoryUI.gen.cpp
  @progress 'Compiling C++ source code...' 61%
  [11/18] Module.GridInventoryUI.cpp
  E:/Weapon showcase/Plugins/GridInventory/Source/GridInventoryUI/Private/GridInventoryWidget.cpp(1070): error C2027: Verwendung des undefinierten Typs "UHorizontalBoxSlot"
  F:\Epic Games\UE_4.27\Engine\Intermediate\Build\Win64\UE4Editor\Inc\UMG\HorizontalBox.generated.h(12): note: Siehe Deklaration von "UHorizontalBoxSlot"
  E:/Weapon showcase/Plugins/GridInventory/Source/GridInventoryUI/Private/GridInventoryWidget.cpp(1071): error C2027: Verwendung des undefinierten Typs "UHorizontalBoxSlot"
  F:\Epic Games\UE_4.27\Engine\Intermediate\Build\Win64\UE4Editor\Inc\UMG\HorizontalBox.generated.h(12): note: Siehe Deklaration von "UHorizontalBoxSlot"
  E:/Weapon showcase/Plugins/GridInventory/Source/GridInventoryUI/Private/GridInventoryWidget.cpp(1083): error C2027: Verwendung des undefinierten Typs "UHorizontalBoxSlot"
  F:\Epic Games\UE_4.27\Engine\Intermediate\Build\Win64\UE4Editor\Inc\UMG\HorizontalBox.generated.h(12): note: Siehe Deklaration von "UHorizontalBoxSlot"
  E:/Weapon showcase/Plugins/GridInventory/Source/GridInventoryUI/Private/GridInventoryWidget.cpp(1084): error C2027: Verwendung des undefinierten Typs "UHorizontalBoxSlot"
  F:\Epic Games\UE_4.27\Engine\Intermediate\Build\Win64\UE4Editor\Inc\UMG\HorizontalBox.generated.h(12): note: Siehe Deklaration von "UHorizontalBoxSlot"
  E:/Weapon showcase/Plugins/GridInventory/Source/GridInventoryUI/Private/GridInventoryWidget.cpp(1097): error C2027: Verwendung des undefinierten Typs "UHorizontalBoxSlot"
  F:\Epic Games\UE_4.27\Engine\Intermediate\Build\Win64\UE4Editor\Inc\UMG\HorizontalBox.generated.h(12): note: Siehe Deklaration von "UHorizontalBoxSlot"
  E:/Weapon showcase/Plugins/GridInventory/Source/GridInventoryUI/Private/GridInventoryWidget.cpp(1098): error C2027: Verwendung des undefinierten Typs "UHorizontalBoxSlot"
  F:\Epic Games\UE_4.27\Engine\Intermediate\Build\Win64\UE4Editor\Inc\UMG\HorizontalBox.generated.h(12): note: Siehe Deklaration von "UHorizontalBoxSlot"
  E:/Weapon showcase/Plugins/GridInventory/Source/GridInventoryUI/Private/GridInventoryWidget.cpp(1099): error C2027: Verwendung des undefinierten Typs "UHorizontalBoxSlot"
  F:\Epic Games\UE_4.27\Engine\Intermediate\Build\Win64\UE4Editor\Inc\UMG\HorizontalBox.generated.h(12): note: Siehe Deklaration von "UHorizontalBoxSlot"
  @progress 'Compiling C++ source code...' 67%
  [12/18] Module.GridInventoryRuntime.cpp
  @progress 'Compiling C++ source code...' 72%
  [13/18] UE4Editor-GridInventoryRuntime.lib
     Bibliothek "E:\Weapon showcase\Plugins\GridInventory\Intermediate\Build\Win64\UE4Editor\Development\GridInventoryRuntime\UE4Editor-GridInventoryRuntime.lib" und Objekt "E:\Weapon showcase\Plugins\GridInventory\Intermediate\Build\Win64\UE4Editor\Development\GridInventoryRuntime\UE4Editor-GridInventoryRuntime.exp" werden erstellt.
  @progress 'Compiling C++ source code...' 78%
  [14/18] UE4Editor-GridInventoryRuntime.dll
     Bibliothek "E:\Weapon showcase\Plugins\GridInventory\Intermediate\Build\Win64\UE4Editor\Development\GridInventoryRuntime\UE4Editor-GridInventoryRuntime.suppressed.lib" und Objekt "E:\Weapon showcase\Plugins\GridInventory\Intermediate\Build\Win64\UE4Editor\Development\GridInventoryRuntime\UE4Editor-GridInventoryRuntime.suppressed.exp" werden erstellt.
  Module.GridInventoryRuntime.cpp.obj : error LNK2019: Verweis auf nicht aufgel?stes externes Symbol ""__declspec(dllimport) public: double __cdecl FJsonValue::AsNumber(void)const " (__imp_?AsNumber@FJsonValue@@QEBANXZ)" in Funktion ""private: static bool __cdecl FJsonSerializer::Serialize<wchar_t,struct TPrettyJsonPrintPolicy<wchar_t> >(class TSharedRef<struct FJsonSerializer::FElement,0> const &,class TJsonWriter<wchar_t,struct TPrettyJsonPrintPolicy<wchar_t> > &,bool)" (??$Serialize@_WU?$TPrettyJsonPrintPolicy@_W@@@FJsonSerializer@@CA_NAEBV?$TSharedRef@UFElement@FJsonSerializer@@$0A@@@AEAV?$TJsonWriter@_WU?$TPrettyJsonPrintPolicy@_W@@@@_N@Z)".
  Module.GridInventoryRuntime.cpp.obj : error LNK2019: Verweis auf nicht aufgel?stes externes Symbol ""__declspec(dllimport) public: class FString __cdecl FJsonValue::AsString(void)const " (__imp_?AsString@FJsonValue@@QEBA?AVFString@@XZ)" in Funktion ""private: static bool __cdecl FJsonSerializer::Serialize<wchar_t,struct TPrettyJsonPrintPolicy<wchar_t> >(class TSharedRef<struct FJsonSerializer::FElement,0> const &,class TJsonWriter<wchar_t,struct TPrettyJsonPrintPolicy<wchar_t> > &,bool)" (??$Serialize@_WU?$TPrettyJsonPrintPolicy@_W@@@FJsonSerializer@@CA_NAEBV?$TSharedRef@UFElement@FJsonSerializer@@$0A@@@AEAV?$TJsonWriter@_WU?$TPrettyJsonPrintPolicy@_W@@@@_N@Z)".
  Module.GridInventoryRuntime.cpp.obj : error LNK2019: Verweis auf nicht aufgel?stes externes Symbol ""__declspec(dllimport) public: bool __cdecl FJsonValue::AsBool(void)const " (__imp_?AsBool@FJsonValue@@QEBA_NXZ)" in Funktion ""private: static bool __cdecl FJsonSerializer::Serialize<wchar_t,struct TPrettyJsonPrintPolicy<wchar_t> >(class TSharedRef<struct FJsonSerializer::FElement,0> const &,class TJsonWriter<wchar_t,struct TPrettyJsonPrintPolicy<wchar_t> > &,bool)" (??$Serialize@_WU?$TPrettyJsonPrintPolicy@_W@@@FJsonSerializer@@CA_NAEBV?$TSharedRef@UFElement@FJsonSerializer@@$0A@@@AEAV?$TJsonWriter@_WU?$TPrettyJsonPrintPolicy@_W@@@@_N@Z)".
  Module.GridInventoryRuntime.cpp.obj : error LNK2019: Verweis auf nicht aufgel?stes externes Symbol ""__declspec(dllimport) public: class TArray<class TSharedPtr<class FJsonValue,0>,class TSizedDefaultAllocator<32> > const & __cdecl FJsonValue::AsArray(void)const " (__imp_?AsArray@FJsonValue@@QEBAAEBV?$TArray@V?$TSharedPtr@VFJsonValue@@$0A@@@V?$TSizedDefaultAllocator@$0CA@@@@@XZ)" in Funktion ""private: static bool __cdecl FJsonSerializer::Serialize<wchar_t,struct TPrettyJsonPrintPolicy<wchar_t> >(class TSharedRef<struct FJsonSerializer::FElement,0> const &,class TJsonWriter<wchar_t,struct TPrettyJsonPrintPolicy<wchar_t> > &,bool)" (??$Serialize@_WU?$TPrettyJsonPrintPolicy@_W@@@FJsonSerializer@@CA_NAEBV?$TSharedRef@UFElement@FJsonSerializer@@$0A@@@AEAV?$TJsonWriter@_WU?$TPrettyJsonPrintPolicy@_W@@@@_N@Z)".
  Module.GridInventoryRuntime.cpp.obj : error LNK2019: Verweis auf nicht aufgel?stes externes Symbol ""__declspec(dllimport) public: __cdecl FJsonValueString::FJsonValueString(class FString const &)" (__imp_??0FJsonValueString@@QEAA@AEBVFString@@@Z)" in Funktion ""private: static bool __cdecl FJsonSerializer::Deserialize<wchar_t>(class TJsonReader<wchar_t> &,struct FJsonSerializer::StackState &,enum FJsonSerializer::EFlags)" (??$Deserialize@_W@FJsonSerializer@@CA_NAEAV?$TJsonReader@_W@@AEAUStackState@0@W4EFlags@0@@Z)".
  Module.GridInventoryRuntime.cpp.obj : error LNK2019: Verweis auf nicht aufgel?stes externes Symbol ""__declspec(dllimport) public: virtual __cdecl FJsonValueString::~FJsonValueString(void)" (__imp_??1FJsonValueString@@UEAA@XZ)" in Funktion ""public: virtual void * __cdecl FJsonValueString::`scalar deleting destructor'(unsigned int)" (??_GFJsonValueString@@UEAAPEAXI@Z)".
  Module.GridInventoryRuntime.cpp.obj : error LNK2019: Verweis auf nicht aufgel?stes externes Symbol ""__declspec(dllimport) public: __cdecl FJsonValueNumber::FJsonValueNumber(double)" (__imp_??0FJsonValueNumber@@QEAA@N@Z)" in Funktion ""private: static bool __cdecl FJsonSerializer::Deserialize<wchar_t>(class TJsonReader<wchar_t> &,struct FJsonSerializer::StackState &,enum FJsonSerializer::EFlags)" (??$Deserialize@_W@FJsonSerializer@@CA_NAEAV?$TJsonReader@_W@@AEAUStackState@0@W4EFlags@0@@Z)".
  Module.GridInventoryRuntime.cpp.obj : error LNK2019: Verweis auf nicht aufgel?stes externes Symbol ""__declspec(dllimport) public: virtual __cdecl FJsonValueNumber::~FJsonValueNumber(void)" (__imp_??1FJsonValueNumber@@UEAA@XZ)" in Funktion ""public: virtual void * __cdecl FJsonValueNumber::`scalar deleting destructor'(unsigned int)" (??_GFJsonValueNumber@@UEAAPEAXI@Z)".
  Module.GridInventoryRuntime.cpp.obj : error LNK2019: Verweis auf nicht aufgel?stes externes Symbol ""__declspec(dllimport) public: __cdecl FJsonValueNumberString::FJsonValueNumberString(class FString const &)" (__imp_??0FJsonValueNumberString@@QEAA@AEBVFString@@@Z)" in Funktion ""private: static bool __cdecl FJsonSerializer::Deserialize<wchar_t>(class TJsonReader<wchar_t> &,struct FJsonSerializer::StackState &,enum FJsonSerializer::EFlags)" (??$Deserialize@_W@FJsonSerializer@@CA_NAEAV?$TJsonReader@_W@@AEAUStackState@0@W4EFlags@0@@Z)".
  Module.GridInventoryRuntime.cpp.obj : error LNK2019: Verweis auf nicht aufgel?stes externes Symbol ""__declspec(dllimport) public: virtual __cdecl FJsonValueNumberString::~FJsonValueNumberString(void)" (__imp_??1FJsonValueNumberString@@UEAA@XZ)" in Funktion ""public: virtual void * __cdecl FJsonValueNumberString::`scalar deleting destructor'(unsigned int)" (??_GFJsonValueNumberString@@UEAAPEAXI@Z)".
  Module.GridInventoryRuntime.cpp.obj : error LNK2019: Verweis auf nicht aufgel?stes externes Symbol ""__declspec(dllimport) public: __cdecl FJsonValueBoolean::FJsonValueBoolean(bool)" (__imp_??0FJsonValueBoolean@@QEAA@_N@Z)" in Funktion ""private: static bool __cdecl FJsonSerializer::Deserialize<wchar_t>(class TJsonReader<wchar_t> &,struct FJsonSerializer::StackState &,enum FJsonSerializer::EFlags)" (??$Deserialize@_W@FJsonSerializer@@CA_NAEAV?$TJsonReader@_W@@AEAUStackState@0@W4EFlags@0@@Z)".
  Module.GridInventoryRuntime.cpp.obj : error LNK2019: Verweis auf nicht aufgel?stes externes Symbol ""__declspec(dllimport) public: virtual __cdecl FJsonValueBoolean::~FJsonValueBoolean(void)" (__imp_??1FJsonValueBoolean@@UEAA@XZ)" in Funktion ""public: virtual void * __cdecl FJsonValueBoolean::`scalar deleting destructor'(unsigned int)" (??_GFJsonValueBoolean@@UEAAPEAXI@Z)".
  Module.GridInventoryRuntime.cpp.obj : error LNK2019: Verweis auf nicht aufgel?stes externes Symbol ""__declspec(dllimport) public: __cdecl FJsonValueArray::FJsonValueArray(class TArray<class TSharedPtr<class FJsonValue,0>,class TSizedDefaultAllocator<32> > const &)" (__imp_??0FJsonValueArray@@QEAA@AEBV?$TArray@V?$TSharedPtr@VFJsonValue@@$0A@@@V?$TSizedDefaultAllocator@$0CA@@@@@@Z)" in Funktion ""class SharedPointerInternals::TIntrusiveReferenceController<class FJsonValueArray> * __cdecl SharedPointerInternals::NewIntrusiveReferenceController<class FJsonValueArray,class TArray<class TSharedPtr<class FJsonValue,0>,class TSizedDefaultAllocator<32> > &>(class TArray<class TSharedPtr<class FJsonValue,0>,class TSizedDefaultAllocator<32> > &)" (??$NewIntrusiveReferenceController@VFJsonValueArray@@AEAV?$TArray@V?$TSharedPtr@VFJsonValue@@$0A@@@V?$TSizedDefaultAllocator@$0CA@@@@@@SharedPointerInternals@@YAPEAV?$TIntrusiveReferenceController@VFJsonValueArray@@@0@AEAV?$TArray@V?$TSharedPtr@VFJsonValue@@$0A@@@V?$TSizedDefaultAllocator@$0CA@@@@@@Z)".
  Module.GridInventoryRuntime.cpp.obj : error LNK2019: Verweis auf nicht aufgel?stes externes Symbol ""__declspec(dllimport) public: virtual __cdecl FJsonValueArray::~FJsonValueArray(void)" (__imp_??1FJsonValueArray@@UEAA@XZ)" in Funktion ""public: virtual void * __cdecl FJsonValueArray::`scalar deleting destructor'(unsigned int)" (??_GFJsonValueArray@@UEAAPEAXI@Z)".
  Module.GridInventoryRuntime.cpp.obj : error LNK2019: Verweis auf nicht aufgel?stes externes Symbol ""__declspec(dllimport) public: __cdecl FJsonValueObject::FJsonValueObject(class TSharedPtr<class FJsonObject,0>)" (__imp_??0FJsonValueObject@@QEAA@V?$TSharedPtr@VFJsonObject@@$0A@@@@Z)" in Funktion ""class SharedPointerInternals::TIntrusiveReferenceController<class FJsonValueObject> * __cdecl SharedPointerInternals::NewIntrusiveReferenceController<class FJsonValueObject,class TSharedPtr<class FJsonObject,0> &>(class TSharedPtr<class FJsonObject,0> &)" (??$NewIntrusiveReferenceController@VFJsonValueObject@@AEAV?$TSharedPtr@VFJsonObject@@$0A@@@@SharedPointerInternals@@YAPEAV?$TIntrusiveReferenceController@VFJsonValueObject@@@0@AEAV?$TSharedPtr@VFJsonObject@@$0A@@@@Z)".
  Module.GridInventoryRuntime.cpp.obj : error LNK2019: Verweis auf nicht aufgel?stes externes Symbol ""__declspec(dllimport) public: virtual __cdecl FJsonValueObject::~FJsonValueObject(void)" (__imp_??1FJsonValueObject@@UEAA@XZ)" in Funktion ""public: virtual void * __cdecl FJsonValueObject::`scalar deleting destructor'(unsigned int)" (??_GFJsonValueObject@@UEAAPEAXI@Z)".
  Module.GridInventoryRuntime.cpp.obj : error LNK2019: Verweis auf nicht aufgel?stes externes Symbol ""__declspec(dllimport) public: __cdecl FJsonValueNull::FJsonValueNull(void)" (__imp_??0FJsonValueNull@@QEAA@XZ)" in Funktion ""class SharedPointerInternals::TIntrusiveReferenceController<class FJsonValueNull> * __cdecl SharedPointerInternals::NewIntrusiveReferenceController<class FJsonValueNull>(void)" (??$NewIntrusiveReferenceController@VFJsonValueNull@@$$V@SharedPointerInternals@@YAPEAV?$TIntrusiveReferenceController@VFJsonValueNull@@@0@XZ)".
  Module.GridInventoryRuntime.cpp.obj : error LNK2019: Verweis auf nicht aufgel?stes externes Symbol ""__declspec(dllimport) public: virtual __cdecl FJsonValueNull::~FJsonValueNull(void)" (__imp_??1FJsonValueNull@@UEAA@XZ)" in Funktion ""public: virtual void * __cdecl FJsonValueNull::`scalar deleting destructor'(unsigned int)" (??_GFJsonValueNull@@UEAAPEAXI@Z)".
  Module.GridInventoryRuntime.cpp.obj : error LNK2019: Verweis auf nicht aufgel?stes externes Symbol ""__declspec(dllimport) public: void __cdecl FJsonObject::SetField(class FString const &,class TSharedPtr<class FJsonValue,0> const &)" (__imp_?SetField@FJsonObject@@QEAAXAEBVFString@@AEBV?$TSharedPtr@VFJsonValue@@$0A@@@@Z)" in Funktion ""private: static bool __cdecl FJsonSerializer::Deserialize<wchar_t>(class TJsonReader<wchar_t> &,struct FJsonSerializer::StackState &,enum FJsonSerializer::EFlags)" (??$Deserialize@_W@FJsonSerializer@@CA_NAEAV?$TJsonReader@_W@@AEAUStackState@0@W4EFlags@0@@Z)".
  Module.GridInventoryRuntime.cpp.obj : error LNK2019: Verweis auf nicht aufgel?stes externes Symbol ""__declspec(dllimport) public: bool __cdecl FJsonObject::TryGetNumberField(class FString const &,double &)const " (__imp_?TryGetNumberField@FJsonObject@@QEBA_NAEBVFString@@AEAN@Z)" in Funktion ""public: static class URuntimeItemDefinition * __cdecl URuntimeItemDefinition::FromJSON(class UObject *,class FString const &)" (?FromJSON@URuntimeItemDefinition@@SAPEAV1@PEAVUObject@@AEBVFString@@@Z)".
  Module.GridInventoryRuntime.cpp.obj : error LNK2019: Verweis auf nicht aufgel?stes externes Symbol ""__declspec(dllimport) public: void __cdecl FJsonObject::SetNumberField(class FString const &,double)" (__imp_?SetNumberField@FJsonObject@@QEAAXAEBVFString@@N@Z)" in Funktion ""public: class FString __cdecl URuntimeItemDefinition::ToJSON(void)const " (?ToJSON@URuntimeItemDefinition@@QEBA?AVFString@@XZ)".
  Module.GridInventoryRuntime.cpp.obj : error LNK2019: Verweis auf nicht aufgel?stes externes Symbol ""__declspec(dllimport) public: bool __cdecl FJsonObject::TryGetStringField(class FString const &,class FString &)const " (__imp_?TryGetStringField@FJsonObject@@QEBA_NAEBVFString@@AEAV2@@Z)" in Funktion ""public: static class URuntimeItemDefinition * __cdecl URuntimeItemDefinition::FromJSON(class UObject *,class FString const &)" (?FromJSON@URuntimeItemDefinition@@SAPEAV1@PEAVUObject@@AEBVFString@@@Z)".
  Module.GridInventoryRuntime.cpp.obj : error LNK2019: Verweis auf nicht aufgel?stes externes Symbol ""__declspec(dllimport) public: void __cdecl FJsonObject::SetStringField(class FString const &,class FString const &)" (__imp_?SetStringField@FJsonObject@@QEAAXAEBVFString@@0@Z)" in Funktion ""public: class FString __cdecl URuntimeItemDefinition::ToJSON(void)const " (?ToJSON@URuntimeItemDefinition@@QEBA?AVFString@@XZ)".
  Module.GridInventoryRuntime.cpp.obj : error LNK2019: Verweis auf nicht aufgel?stes externes Symbol ""__declspec(dllimport) public: bool __cdecl FJsonObject::TryGetBoolField(class FString const &,bool &)const " (__imp_?TryGetBoolField@FJsonObject@@QEBA_NAEBVFString@@AEA_N@Z)" in Funktion ""public: static class URuntimeItemDefinition * __cdecl URuntimeItemDefinition::FromJSON(class UObject *,class FString const &)" (?FromJSON@URuntimeItemDefinition@@SAPEAV1@PEAVUObject@@AEBVFString@@@Z)".
  Module.GridInventoryRuntime.cpp.obj : error LNK2019: Verweis auf nicht aufgel?stes externes Symbol ""__declspec(dllimport) public: void __cdecl FJsonObject::SetBoolField(class FString const &,bool)" (__imp_?SetBoolField@FJsonObject@@QEAAXAEBVFString@@_N@Z)" in Funktion ""public: class FString __cdecl URuntimeItemDefinition::ToJSON(void)const " (?ToJSON@URuntimeItemDefinition@@QEBA?AVFString@@XZ)".
  Module.GridInventoryRuntime.cpp.obj : error LNK2019: Verweis auf nicht aufgel?stes externes Symbol ""__declspec(dllimport) public: bool __cdecl FJsonObject::TryGetArrayField(class FString const &,class TArray<class TSharedPtr<class FJsonValue,0>,class TSizedDefaultAllocator<32> > const * &)const " (__imp_?TryGetArrayField@FJsonObject@@QEBA_NAEBVFString@@AEAPEBV?$TArray@V?$TSharedPtr@VFJsonValue@@$0A@@@V?$TSizedDefaultAllocator@$0CA@@@@@@Z)" in Funktion ""public: static class URuntimeItemDefinition * __cdecl URuntimeItemDefinition::FromJSON(class UObject *,class FString const &)" (?FromJSON@URuntimeItemDefinition@@SAPEAV1@PEAVUObject@@AEBVFString@@@Z)".
  Module.GridInventoryRuntime.cpp.obj : error LNK2019: Verweis auf nicht aufgel?stes externes Symbol ""__declspec(dllimport) public: void __cdecl FJsonObject::SetArrayField(class FString const &,class TArray<class TSharedPtr<class FJsonValue,0>,class TSizedDefaultAllocator<32> > const &)" (__imp_?SetArrayField@FJsonObject@@QEAAXAEBVFString@@AEBV?$TArray@V?$TSharedPtr@VFJsonValue@@$0A@@@V?$TSizedDefaultAllocator@$0CA@@@@@@Z)" in Funktion ""public: class FString __cdecl URuntimeItemDefinition::ToJSON(void)const " (?ToJSON@URuntimeItemDefinition@@QEBA?AVFString@@XZ)".
  Module.GridInventoryRuntime.cpp.obj : error LNK2019: Verweis auf nicht aufgel?stes externes Symbol ""__declspec(dllimport) public: __cdecl FJsonObject::FJsonObject(void)" (__imp_??0FJsonObject@@QEAA@XZ)" in Funktion ""class SharedPointerInternals::TIntrusiveReferenceController<class FJsonObject> * __cdecl SharedPointerInternals::NewIntrusiveReferenceController<class FJsonObject>(void)" (??$NewIntrusiveReferenceController@VFJsonObject@@$$V@SharedPointerInternals@@YAPEAV?$TIntrusiveReferenceController@VFJsonObject@@@0@XZ)".
  Module.GridInventoryRuntime.cpp.obj : error LNK2019: Verweis auf nicht aufgel?stes externes Symbol ""__declspec(dllimport) public: __cdecl FJsonObject::~FJsonObject(void)" (__imp_??1FJsonObject@@QEAA@XZ)" in Funktion ""public: virtual void __cdecl SharedPointerInternals::TIntrusiveReferenceController<class FJsonObject>::DestroyObject(void)" (?DestroyObject@?$TIntrusiveReferenceController@VFJsonObject@@@SharedPointerInternals@@UEAAXXZ)".
  Module.GridInventoryRuntime.cpp.obj : error LNK2001: Nicht aufgel?stes externes Symbol ""public: virtual bool __cdecl FJsonValueArray::TryGetArray(class TArray<class TSharedPtr<class FJsonValue,0>,class TSizedDefaultAllocator<32> > const * &)const " (?TryGetArray@FJsonValueArray@@UEBA_NAEAPEBV?$TArray@V?$TSharedPtr@VFJsonValue@@$0A@@@V?$TSizedDefaultAllocator@$0CA@@@@@@Z)".
  Module.GridInventoryRuntime.cpp.obj : error LNK2001: Nicht aufgel?stes externes Symbol ""protected: virtual class FString __cdecl FJsonValueArray::GetType(void)const " (?GetType@FJsonValueArray@@MEBA?AVFString@@XZ)".
  Module.GridInventoryRuntime.cpp.obj : error LNK2001: Nicht aufgel?stes externes Symbol ""public: virtual bool __cdecl FJsonValueBoolean::TryGetNumber(double &)const " (?TryGetNumber@FJsonValueBoolean@@UEBA_NAEAN@Z)".
  Module.GridInventoryRuntime.cpp.obj : error LNK2001: Nicht aufgel?stes externes Symbol ""public: virtual bool __cdecl FJsonValueBoolean::TryGetString(class FString &)const " (?TryGetString@FJsonValueBoolean@@UEBA_NAEAVFString@@@Z)".
  Module.GridInventoryRuntime.cpp.obj : error LNK2001: Nicht aufgel?stes externes Symbol ""public: virtual bool __cdecl FJsonValueBoolean::TryGetBool(bool &)const " (?TryGetBool@FJsonValueBoolean@@UEBA_NAEA_N@Z)".
  Module.GridInventoryRuntime.cpp.obj : error LNK2001: Nicht aufgel?stes externes Symbol ""protected: virtual class FString __cdecl FJsonValueBoolean::GetType(void)const " (?GetType@FJsonValueBoolean@@MEBA?AVFString@@XZ)".
  Module.GridInventoryRuntime.cpp.obj : error LNK2001: Nicht aufgel?stes externes Symbol ""public: virtual bool __cdecl FJsonValueNumberString::TryGetNumber(unsigned __int64 &)const " (?TryGetNumber@FJsonValueNumberString@@UEBA_NAEA_K@Z)".
  Module.GridInventoryRuntime.cpp.obj : error LNK2001: Nicht aufgel?stes externes Symbol ""public: virtual bool __cdecl FJsonValueNumberString::TryGetNumber(unsigned int &)const " (?TryGetNumber@FJsonValueNumberString@@UEBA_NAEAI@Z)".
  Module.GridInventoryRuntime.cpp.obj : error LNK2001: Nicht aufgel?stes externes Symbol ""public: virtual bool __cdecl FJsonValueNumberString::TryGetNumber(unsigned short &)const " (?TryGetNumber@FJsonValueNumberString@@UEBA_NAEAG@Z)".
  Module.GridInventoryRuntime.cpp.obj : error LNK2001: Nicht aufgel?stes externes Symbol ""public: virtual bool __cdecl FJsonValueNumberString::TryGetNumber(unsigned char &)const " (?TryGetNumber@FJsonValueNumberString@@UEBA_NAEAE@Z)".
  Module.GridInventoryRuntime.cpp.obj : error LNK2001: Nicht aufgel?stes externes Symbol ""public: virtual bool __cdecl FJsonValueNumberString::TryGetNumber(__int64 &)const " (?TryGetNumber@FJsonValueNumberString@@UEBA_NAEA_J@Z)".
  Module.GridInventoryRuntime.cpp.obj : error LNK2001: Nicht aufgel?stes externes Symbol ""public: virtual bool __cdecl FJsonValueNumberString::TryGetNumber(int &)const " (?TryGetNumber@FJsonValueNumberString@@UEBA_NAEAH@Z)".
  Module.GridInventoryRuntime.cpp.obj : error LNK2001: Nicht aufgel?stes externes Symbol ""public: virtual bool __cdecl FJsonValueNumberString::TryGetNumber(short &)const " (?TryGetNumber@FJsonValueNumberString@@UEBA_NAEAF@Z)".
  Module.GridInventoryRuntime.cpp.obj : error LNK2001: Nicht aufgel?stes externes Symbol ""public: virtual bool __cdecl FJsonValueNumberString::TryGetNumber(signed char &)const " (?TryGetNumber@FJsonValueNumberString@@UEBA_NAEAC@Z)".
  Module.GridInventoryRuntime.cpp.obj : error LNK2001: Nicht aufgel?stes externes Symbol ""public: virtual bool __cdecl FJsonValueNumberString::TryGetNumber(float &)const " (?TryGetNumber@FJsonValueNumberString@@UEBA_NAEAM@Z)".
  Module.GridInventoryRuntime.cpp.obj : error LNK2001: Nicht aufgel?stes externes Symbol ""public: virtual bool __cdecl FJsonValueNumberString::TryGetNumber(double &)const " (?TryGetNumber@FJsonValueNumberString@@UEBA_NAEAN@Z)".
  Module.GridInventoryRuntime.cpp.obj : error LNK2001: Nicht aufgel?stes externes Symbol ""public: virtual bool __cdecl FJsonValueNumberString::TryGetString(class FString &)const " (?TryGetString@FJsonValueNumberString@@UEBA_NAEAVFString@@@Z)".
  Module.GridInventoryRuntime.cpp.obj : error LNK2001: Nicht aufgel?stes externes Symbol ""public: virtual bool __cdecl FJsonValueNumberString::TryGetBool(bool &)const " (?TryGetBool@FJsonValueNumberString@@UEBA_NAEA_N@Z)".
  Module.GridInventoryRuntime.cpp.obj : error LNK2001: Nicht aufgel?stes externes Symbol ""protected: virtual class FString __cdecl FJsonValueNumberString::GetType(void)const " (?GetType@FJsonValueNumberString@@MEBA?AVFString@@XZ)".
  Module.GridInventoryRuntime.cpp.obj : error LNK2001: Nicht aufgel?stes externes Symbol ""public: virtual bool __cdecl FJsonValueNumber::TryGetNumber(double &)const " (?TryGetNumber@FJsonValueNumber@@UEBA_NAEAN@Z)".
  Module.GridInventoryRuntime.cpp.obj : error LNK2001: Nicht aufgel?stes externes Symbol ""public: virtual bool __cdecl FJsonValueNumber::TryGetString(class FString &)const " (?TryGetString@FJsonValueNumber@@UEBA_NAEAVFString@@@Z)".
  Module.GridInventoryRuntime.cpp.obj : error LNK2001: Nicht aufgel?stes externes Symbol ""public: virtual bool __cdecl FJsonValueNumber::TryGetBool(bool &)const " (?TryGetBool@FJsonValueNumber@@UEBA_NAEA_N@Z)".
  Module.GridInventoryRuntime.cpp.obj : error LNK2001: Nicht aufgel?stes externes Symbol ""protected: virtual class FString __cdecl FJsonValueNumber::GetType(void)const " (?GetType@FJsonValueNumber@@MEBA?AVFString@@XZ)".
  Module.GridInventoryRuntime.cpp.obj : error LNK2001: Nicht aufgel?stes externes Symbol ""protected: virtual class FString __cdecl FJsonValueNull::GetType(void)const " (?GetType@FJsonValueNull@@MEBA?AVFString@@XZ)".
  Module.GridInventoryRuntime.cpp.obj : error LNK2001: Nicht aufgel?stes externes Symbol ""public: virtual bool __cdecl FJsonValueString::TryGetNumber(unsigned __int64 &)const " (?TryGetNumber@FJsonValueString@@UEBA_NAEA_K@Z)".
  Module.GridInventoryRuntime.cpp.obj : error LNK2001: Nicht aufgel?stes externes Symbol ""public: virtual bool __cdecl FJsonValueString::TryGetNumber(unsigned int &)const " (?TryGetNumber@FJsonValueString@@UEBA_NAEAI@Z)".
  Module.GridInventoryRuntime.cpp.obj : error LNK2001: Nicht aufgel?stes externes Symbol ""public: virtual bool __cdecl FJsonValueString::TryGetNumber(__int64 &)const " (?TryGetNumber@FJsonValueString@@UEBA_NAEA_J@Z)".
  Module.GridInventoryRuntime.cpp.obj : error LNK2001: Nicht aufgel?stes externes Symbol ""public: virtual bool __cdecl FJsonValueString::TryGetNumber(int &)const " (?TryGetNumber@FJsonValueString@@UEBA_NAEAH@Z)".
  Module.GridInventoryRuntime.cpp.obj : error LNK2001: Nicht aufgel?stes externes Symbol ""public: virtual bool __cdecl FJsonValueString::TryGetNumber(double &)const " (?TryGetNumber@FJsonValueString@@UEBA_NAEAN@Z)".
  Module.GridInventoryRuntime.cpp.obj : error LNK2001: Nicht aufgel?stes externes Symbol ""public: virtual bool __cdecl FJsonValueString::TryGetString(class FString &)const " (?TryGetString@FJsonValueString@@UEBA_NAEAVFString@@@Z)".
  Module.GridInventoryRuntime.cpp.obj : error LNK2001: Nicht aufgel?stes externes Symbol ""public: virtual bool __cdecl FJsonValueString::TryGetBool(bool &)const " (?TryGetBool@FJsonValueString@@UEBA_NAEA_N@Z)".
  Module.GridInventoryRuntime.cpp.obj : error LNK2001: Nicht aufgel?stes externes Symbol ""public: virtual bool __cdecl FJsonValue::TryGetObject(class TSharedPtr<class FJsonObject,0> const * &)const " (?TryGetObject@FJsonValue@@UEBA_NAEAPEBV?$TSharedPtr@VFJsonObject@@$0A@@@@Z)".
  Module.GridInventoryRuntime.cpp.obj : error LNK2001: Nicht aufgel?stes externes Symbol ""protected: virtual class FString __cdecl FJsonValueString::GetType(void)const " (?GetType@FJsonValueString@@MEBA?AVFString@@XZ)".
  Module.GridInventoryRuntime.cpp.obj : error LNK2001: Nicht aufgel?stes externes Symbol ""public: virtual class TSharedPtr<class FJsonObject,0> const & __cdecl FJsonValue::AsObject(void)const " (?AsObject@FJsonValue@@UEBAAEBV?$TSharedPtr@VFJsonObject@@$0A@@@XZ)".
  Module.GridInventoryRuntime.cpp.obj : error LNK2001: Nicht aufgel?stes externes Symbol ""public: virtual bool __cdecl FJsonValue::TryGetNumber(unsigned __int64 &)const " (?TryGetNumber@FJsonValue@@UEBA_NAEA_K@Z)".
  Module.GridInventoryRuntime.cpp.obj : error LNK2001: Nicht aufgel?stes externes Symbol ""public: virtual bool __cdecl FJsonValue::TryGetNumber(unsigned int &)const " (?TryGetNumber@FJsonValue@@UEBA_NAEAI@Z)".
  Module.GridInventoryRuntime.cpp.obj : error LNK2001: Nicht aufgel?stes externes Symbol ""public: virtual bool __cdecl FJsonValue::TryGetNumber(unsigned short &)const " (?TryGetNumber@FJsonValue@@UEBA_NAEAG@Z)".
  Module.GridInventoryRuntime.cpp.obj : error LNK2001: Nicht aufgel?stes externes Symbol ""public: virtual bool __cdecl FJsonValue::TryGetNumber(unsigned char &)const " (?TryGetNumber@FJsonValue@@UEBA_NAEAE@Z)".
  Module.GridInventoryRuntime.cpp.obj : error LNK2001: Nicht aufgel?stes externes Symbol ""public: virtual bool __cdecl FJsonValue::TryGetNumber(__int64 &)const " (?TryGetNumber@FJsonValue@@UEBA_NAEA_J@Z)".
  Module.GridInventoryRuntime.cpp.obj : error LNK2001: Nicht aufgel?stes externes Symbol ""public: virtual bool __cdecl FJsonValue::TryGetNumber(int &)const " (?TryGetNumber@FJsonValue@@UEBA_NAEAH@Z)".
  Module.GridInventoryRuntime.cpp.obj : error LNK2001: Nicht aufgel?stes externes Symbol ""public: virtual bool __cdecl FJsonValue::TryGetNumber(short &)const " (?TryGetNumber@FJsonValue@@UEBA_NAEAF@Z)".
  Module.GridInventoryRuntime.cpp.obj : error LNK2001: Nicht aufgel?stes externes Symbol ""public: virtual bool __cdecl FJsonValue::TryGetNumber(signed char &)const " (?TryGetNumber@FJsonValue@@UEBA_NAEAC@Z)".
  Module.GridInventoryRuntime.cpp.obj : error LNK2001: Nicht aufgel?stes externes Symbol ""public: virtual bool __cdecl FJsonValue::TryGetNumber(float &)const " (?TryGetNumber@FJsonValue@@UEBA_NAEAM@Z)".
  Module.GridInventoryRuntime.cpp.obj : error LNK2001: Nicht aufgel?stes externes Symbol ""public: virtual bool __cdecl FJsonValue::TryGetNumber(double &)const " (?TryGetNumber@FJsonValue@@UEBA_NAEAN@Z)".
  Module.GridInventoryRuntime.cpp.obj : error LNK2001: Nicht aufgel?stes externes Symbol ""public: virtual bool __cdecl FJsonValue::TryGetString(class FString &)const " (?TryGetString@FJsonValue@@UEBA_NAEAVFString@@@Z)".
  Module.GridInventoryRuntime.cpp.obj : error LNK2001: Nicht aufgel?stes externes Symbol ""public: virtual bool __cdecl FJsonValue::TryGetBool(bool &)const " (?TryGetBool@FJsonValue@@UEBA_NAEA_N@Z)".
  Module.GridInventoryRuntime.cpp.obj : error LNK2001: Nicht aufgel?stes externes Symbol ""public: virtual bool __cdecl FJsonValue::TryGetArray(class TArray<class TSharedPtr<class FJsonValue,0>,class TSizedDefaultAllocator<32> > const * &)const " (?TryGetArray@FJsonValue@@UEBA_NAEAPEBV?$TArray@V?$TSharedPtr@VFJsonValue@@$0A@@@V?$TSizedDefaultAllocator@$0CA@@@@@@Z)".
  Module.GridInventoryRuntime.cpp.obj : error LNK2001: Nicht aufgel?stes externes Symbol ""public: virtual bool __cdecl FJsonValueObject::TryGetObject(class TSharedPtr<class FJsonObject,0> const * &)const " (?TryGetObject@FJsonValueObject@@UEBA_NAEAPEBV?$TSharedPtr@VFJsonObject@@$0A@@@@Z)".
  Module.GridInventoryRuntime.cpp.obj : error LNK2001: Nicht aufgel?stes externes Symbol ""protected: virtual class FString __cdecl FJsonValueObject::GetType(void)const " (?GetType@FJsonValueObject@@MEBA?AVFString@@XZ)".
  Module.GridInventoryRuntime.cpp.obj : error LNK2019: Verweis auf nicht aufgel?stes externes Symbol ""__declspec(dllimport) struct FLogCategoryLogJson LogJson" (__imp_?LogJson@@3UFLogCategoryLogJson@@A)" in Funktion ""private: static bool __cdecl FJsonSerializer::Serialize<wchar_t,struct TPrettyJsonPrintPolicy<wchar_t> >(class TSharedRef<struct FJsonSerializer::FElement,0> const &,class TJsonWriter<wchar_t,struct TPrettyJsonPrintPolicy<wchar_t> > &,bool)" (??$Serialize@_WU?$TPrettyJsonPrintPolicy@_W@@@FJsonSerializer@@CA_NAEBV?$TSharedRef@UFElement@FJsonSerializer@@$0A@@@AEAV?$TJsonWriter@_WU?$TPrettyJsonPrintPolicy@_W@@@@_N@Z)".
  E:\Weapon showcase\Plugins\GridInventory\Binaries\Win64\UE4Editor-GridInventoryRuntime.dll : fatal error LNK1120: 79 nicht aufgel?ste Externe
  @progress 'Compiling C++ source code...' 83%
  [15/18] UE4Editor-GridInventoryEditor.dll
     Bibliothek "E:\Weapon showcase\Plugins\GridInventory\Intermediate\Build\Win64\UE4Editor\Development\GridInventoryEditor\UE4Editor-GridInventoryEditor.suppressed.lib" und Objekt "E:\Weapon showcase\Plugins\GridInventory\Intermediate\Build\Win64\UE4Editor\Development\GridInventoryEditor\UE4Editor-GridInventoryEditor.suppressed.exp" werden erstellt.
LogInit: Warning: Still incompatible or missing module: GridInventoryRuntime
LogInit: Warning: Still incompatible or missing module: GridInventoryUI
LogInit: Warning: Still incompatible or missing module: GridInventoryEditor
LogCore: Engine exit requested (reason: EngineExit() was called)
LogExit: Preparing to exit.
LogModuleManager: Shutting down and abandoning module DesktopPlatform (48)
LogModuleManager: Shutting down and abandoning module OodleDataCompressionFormat (46)
LogModuleManager: Shutting down and abandoning module PythonScriptPluginPreload (44)
LogModuleManager: Shutting down and abandoning module PlatformCryptoOpenSSL (42)
LogModuleManager: Shutting down and abandoning module PlatformCryptoTypes (40)
LogModuleManager: Shutting down and abandoning module PlatformCrypto (38)
LogModuleManager: Shutting down and abandoning module XGEController (36)
LogXGEController: Cannot use XGE Controller as Incredibuild is not installed on this machine.
LogXGEController: Cleaning working directory: C:/Users/marco/AppData/Local/Temp/UnrealXGEWorkingDir/
LogModuleManager: Shutting down and abandoning module AnimationModifiers (34)
LogModuleManager: Shutting down and abandoning module AudioEditor (32)
LogModuleManager: Shutting down and abandoning module PropertyEditor (31)
LogModuleManager: Shutting down and abandoning module TextureCompressor (28)
LogModuleManager: Shutting down and abandoning module RenderCore (26)
LogModuleManager: Shutting down and abandoning module Landscape (24)
LogModuleManager: Shutting down and abandoning module SlateRHIRenderer (22)
LogModuleManager: Shutting down and abandoning module AnimGraphRuntime (20)
LogModuleManager: Shutting down and abandoning module Renderer (18)
LogModuleManager: Shutting down and abandoning module Engine (16)
LogModuleManager: Shutting down and abandoning module CoreUObject (14)
LogModuleManager: Shutting down and abandoning module NetworkFile (12)
LogModuleManager: Shutting down and abandoning module CookedIterativeFile (10)
LogModuleManager: Shutting down and abandoning module StreamingFile (8)
LogModuleManager: Shutting down and abandoning module SandboxFile (6)
LogModuleManager: Shutting down and abandoning module PakFile (4)
LogModuleManager: Shutting down and abandoning module RSA (3)
LogExit: Exiting.
Log file closed, 03/01/26 15:44:01
